==========================================================================================
Fold: 1/7
==========================================================================================
Group: en4 Ag14 Mix3 380x720 RC6+6-2 FP-Sampling Adam cLRw-20-2 kSSS7 bce g1
Parameters: {
  "train": {
    "mixed_precision": true,
    "multi_gpu": true,
    "folds": 7,
    "kfold_sss": true,
    "input_channels": 1,
    "save_last_n_models": 1,
    "epochs": 140,
    "save_epochs": [],
    "cosineLRWarm": {
      "T_0": 20,
      "T_mult": 2
    },
    "schedule_lr_each_step": true,
    "early_stop": 0,
    "loss": "bce_fp",
    "model": "en_b4_ns",
    "pretrained": true,
    "optimizer": "Adam",
    "lr": 0.001
  },
  "audio": {
    "sampling_rate": 48000,
    "fmin": 50,
    "fmax": 15000,
    "n_mels": 380,
    "n_fft": 4096,
    "ftt_win_length": 1536,
    "hop_length": 400
  },
  "d_train": {
    "key": "train",
    "batch_size": 14,
    "shuffle": true,
    "num_workers": 6,
    "wave_aug": 0,
    "mel_aug": 14,
    "mixup": 3,
    "cut_samples": true,
    "cut_size": 10,
    "random_crop": 6,
    "fix_cut_targets": true,
    "use_fp": true,
    "sample_val_fp": true,
    "tp_fp_sampler": true
  },
  "val": {
    "by_crops": 6,
    "crops_offset": 2,
    "by_labeled_crops": true
  },
  "cuda_visible_devices": "1",
  "fold_group": "10d0c",
  "fold": 0
}

==================================== Config ====================================
{
  "audio_params": {
    "sampling_rate": 48000,
    "fmin": 50,
    "fmax": 15000,
    "n_mels": 380,
    "n_fft": 4096,
    "ftt_win_length": 1536,
    "hop_length": 400
  },
  "train_params": {
    "mixed_precision": true,
    "multi_gpu": true,
    "folds": 7,
    "kfold_sss": true,
    "input_channels": 1,
    "save_last_n_models": 1,
    "epochs": 140,
    "save_epochs": [],
    "cosineLRWarm": {
      "T_0": 20,
      "T_mult": 2
    },
    "schedule_lr_each_step": true,
    "early_stop": 0,
    "loss": "bce_fp",
    "model": "en_b4_ns",
    "pretrained": true,
    "optimizer": "Adam",
    "lr": 0.001
  },
  "metrics": [
    "bce",
    "rLoss",
    "r",
    "p",
    "f2",
    "Lwlrap"
  ],
  "f2_metrics_threshold": 0.8,
  "watch_metrics": [
    "min|val_loss",
    "max|val_Lwlrap",
    "max|val_f2"
  ],
  "save_metrics": [
    "val_loss",
    "val_Lwlrap"
  ],
  "watch_metrics_eps": 1e-05,
  "train_data_loader": {
    "key": "train",
    "batch_size": 14,
    "shuffle": true,
    "num_workers": 6,
    "wave_aug": 0,
    "mel_aug": 14,
    "mixup": 3,
    "cut_samples": true,
    "cut_size": 10,
    "random_crop": 6,
    "fix_cut_targets": true,
    "use_fp": true,
    "sample_val_fp": true,
    "tp_fp_sampler": true
  },
  "test_data_loader": {
    "batch_size": 4,
    "shuffle": false,
    "num_workers": 4,
    "mel_aug": 9
  },
  "validate_params": {
    "by_crops": 6,
    "crops_offset": 2,
    "by_labeled_crops": true
  }
}
==================================== Config ====================================
Opening dataset...
train dataset len: 8277
train dataloader len: 122
test dataset len: 536
test dataloader len: 134
Init model...
Will be used new seed postfix: ''
Model was loaded

























































































































































































































































































==========================================================================================
Fold: 2/7
==========================================================================================
Group: en4 Ag14 Mix3 380x720 RC6+6-2 FP-Sampling Adam cLRw-20-2 kSSS7 bce g1
Parameters: {
  "train": {
    "mixed_precision": true,
    "multi_gpu": true,
    "folds": 7,
    "kfold_sss": true,
    "input_channels": 1,
    "save_last_n_models": 1,
    "epochs": 140,
    "save_epochs": [],
    "cosineLRWarm": {
      "T_0": 20,
      "T_mult": 2
    },
    "schedule_lr_each_step": true,
    "early_stop": 0,
    "loss": "bce_fp",
    "model": "en_b4_ns",
    "pretrained": true,
    "optimizer": "Adam",
    "lr": 0.001
  },
  "audio": {
    "sampling_rate": 48000,
    "fmin": 50,
    "fmax": 15000,
    "n_mels": 380,
    "n_fft": 4096,
    "ftt_win_length": 1536,
    "hop_length": 400
  },
  "d_train": {
    "key": "train",
    "batch_size": 14,
    "shuffle": true,
    "num_workers": 6,
    "wave_aug": 0,
    "mel_aug": 14,
    "mixup": 3,
    "cut_samples": true,
    "cut_size": 10,
    "random_crop": 6,
    "fix_cut_targets": true,
    "use_fp": true,
    "sample_val_fp": true,
    "tp_fp_sampler": true
  },
  "val": {
    "by_crops": 6,
    "crops_offset": 2,
    "by_labeled_crops": true
  },
  "cuda_visible_devices": "1",
  "fold_group": "10d0c",
  "fold": 1
}

==================================== Config ====================================
{
  "audio_params": {
    "sampling_rate": 48000,
    "fmin": 50,
    "fmax": 15000,
    "n_mels": 380,
    "n_fft": 4096,
    "ftt_win_length": 1536,
    "hop_length": 400
  },
  "train_params": {
    "mixed_precision": true,
    "multi_gpu": true,
    "folds": 7,
    "kfold_sss": true,
    "input_channels": 1,
    "save_last_n_models": 1,
    "epochs": 140,
    "save_epochs": [],
    "cosineLRWarm": {
      "T_0": 20,
      "T_mult": 2
    },
    "schedule_lr_each_step": true,
    "early_stop": 0,
    "loss": "bce_fp",
    "model": "en_b4_ns",
    "pretrained": true,
    "optimizer": "Adam",
    "lr": 0.001
  },
  "metrics": [
    "bce",
    "rLoss",
    "r",
    "p",
    "f2",
    "Lwlrap"
  ],
  "f2_metrics_threshold": 0.8,
  "watch_metrics": [
    "min|val_loss",
    "max|val_Lwlrap",
    "max|val_f2"
  ],
  "save_metrics": [
    "val_loss",
    "val_Lwlrap"
  ],
  "watch_metrics_eps": 1e-05,
  "train_data_loader": {
    "key": "train",
    "batch_size": 14,
    "shuffle": true,
    "num_workers": 6,
    "wave_aug": 0,
    "mel_aug": 14,
    "mixup": 3,
    "cut_samples": true,
    "cut_size": 10,
    "random_crop": 6,
    "fix_cut_targets": true,
    "use_fp": true,
    "sample_val_fp": true,
    "tp_fp_sampler": true
  },
  "test_data_loader": {
    "batch_size": 4,
    "shuffle": false,
    "num_workers": 4,
    "mel_aug": 9
  },
  "validate_params": {
    "by_crops": 6,
    "crops_offset": 2,
    "by_labeled_crops": true
  }
}
==================================== Config ====================================
Opening dataset...
train dataset len: 8257
train dataloader len: 120
test dataset len: 544
test dataloader len: 136
Init model...
Will be used new seed postfix: ''
Model was loaded

























































































































































































































































































==========================================================================================
Fold: 3/7
==========================================================================================
Group: en4 Ag14 Mix3 380x720 RC6+6-2 FP-Sampling Adam cLRw-20-2 kSSS7 bce g1
Parameters: {
  "train": {
    "mixed_precision": true,
    "multi_gpu": true,
    "folds": 7,
    "kfold_sss": true,
    "input_channels": 1,
    "save_last_n_models": 1,
    "epochs": 140,
    "save_epochs": [],
    "cosineLRWarm": {
      "T_0": 20,
      "T_mult": 2
    },
    "schedule_lr_each_step": true,
    "early_stop": 0,
    "loss": "bce_fp",
    "model": "en_b4_ns",
    "pretrained": true,
    "optimizer": "Adam",
    "lr": 0.001
  },
  "audio": {
    "sampling_rate": 48000,
    "fmin": 50,
    "fmax": 15000,
    "n_mels": 380,
    "n_fft": 4096,
    "ftt_win_length": 1536,
    "hop_length": 400
  },
  "d_train": {
    "key": "train",
    "batch_size": 14,
    "shuffle": true,
    "num_workers": 6,
    "wave_aug": 0,
    "mel_aug": 14,
    "mixup": 3,
    "cut_samples": true,
    "cut_size": 10,
    "random_crop": 6,
    "fix_cut_targets": true,
    "use_fp": true,
    "sample_val_fp": true,
    "tp_fp_sampler": true
  },
  "val": {
    "by_crops": 6,
    "crops_offset": 2,
    "by_labeled_crops": true
  },
  "cuda_visible_devices": "1",
  "fold_group": "10d0c",
  "fold": 2
}

==================================== Config ====================================
{
  "audio_params": {
    "sampling_rate": 48000,
    "fmin": 50,
    "fmax": 15000,
    "n_mels": 380,
    "n_fft": 4096,
    "ftt_win_length": 1536,
    "hop_length": 400
  },
  "train_params": {
    "mixed_precision": true,
    "multi_gpu": true,
    "folds": 7,
    "kfold_sss": true,
    "input_channels": 1,
    "save_last_n_models": 1,
    "epochs": 140,
    "save_epochs": [],
    "cosineLRWarm": {
      "T_0": 20,
      "T_mult": 2
    },
    "schedule_lr_each_step": true,
    "early_stop": 0,
    "loss": "bce_fp",
    "model": "en_b4_ns",
    "pretrained": true,
    "optimizer": "Adam",
    "lr": 0.001
  },
  "metrics": [
    "bce",
    "rLoss",
    "r",
    "p",
    "f2",
    "Lwlrap"
  ],
  "f2_metrics_threshold": 0.8,
  "watch_metrics": [
    "min|val_loss",
    "max|val_Lwlrap",
    "max|val_f2"
  ],
  "save_metrics": [
    "val_loss",
    "val_Lwlrap"
  ],
  "watch_metrics_eps": 1e-05,
  "train_data_loader": {
    "key": "train",
    "batch_size": 14,
    "shuffle": true,
    "num_workers": 6,
    "wave_aug": 0,
    "mel_aug": 14,
    "mixup": 3,
    "cut_samples": true,
    "cut_size": 10,
    "random_crop": 6,
    "fix_cut_targets": true,
    "use_fp": true,
    "sample_val_fp": true,
    "tp_fp_sampler": true
  },
  "test_data_loader": {
    "batch_size": 4,
    "shuffle": false,
    "num_workers": 4,
    "mel_aug": 9
  },
  "validate_params": {
    "by_crops": 6,
    "crops_offset": 2,
    "by_labeled_crops": true
  }
}
==================================== Config ====================================
Opening dataset...
train dataset len: 8277
train dataloader len: 122
test dataset len: 512
test dataloader len: 128
Init model...
Will be used new seed postfix: ''
Model was loaded

























































































































































































































































































==========================================================================================
Fold: 4/7
==========================================================================================
Group: en4 Ag14 Mix3 380x720 RC6+6-2 FP-Sampling Adam cLRw-20-2 kSSS7 bce g1
Parameters: {
  "train": {
    "mixed_precision": true,
    "multi_gpu": true,
    "folds": 7,
    "kfold_sss": true,
    "input_channels": 1,
    "save_last_n_models": 1,
    "epochs": 140,
    "save_epochs": [],
    "cosineLRWarm": {
      "T_0": 20,
      "T_mult": 2
    },
    "schedule_lr_each_step": true,
    "early_stop": 0,
    "loss": "bce_fp",
    "model": "en_b4_ns",
    "pretrained": true,
    "optimizer": "Adam",
    "lr": 0.001
  },
  "audio": {
    "sampling_rate": 48000,
    "fmin": 50,
    "fmax": 15000,
    "n_mels": 380,
    "n_fft": 4096,
    "ftt_win_length": 1536,
    "hop_length": 400
  },
  "d_train": {
    "key": "train",
    "batch_size": 14,
    "shuffle": true,
    "num_workers": 6,
    "wave_aug": 0,
    "mel_aug": 14,
    "mixup": 3,
    "cut_samples": true,
    "cut_size": 10,
    "random_crop": 6,
    "fix_cut_targets": true,
    "use_fp": true,
    "sample_val_fp": true,
    "tp_fp_sampler": true
  },
  "val": {
    "by_crops": 6,
    "crops_offset": 2,
    "by_labeled_crops": true
  },
  "cuda_visible_devices": "1",
  "fold_group": "10d0c",
  "fold": 3
}

==================================== Config ====================================
{
  "audio_params": {
    "sampling_rate": 48000,
    "fmin": 50,
    "fmax": 15000,
    "n_mels": 380,
    "n_fft": 4096,
    "ftt_win_length": 1536,
    "hop_length": 400
  },
  "train_params": {
    "mixed_precision": true,
    "multi_gpu": true,
    "folds": 7,
    "kfold_sss": true,
    "input_channels": 1,
    "save_last_n_models": 1,
    "epochs": 140,
    "save_epochs": [],
    "cosineLRWarm": {
      "T_0": 20,
      "T_mult": 2
    },
    "schedule_lr_each_step": true,
    "early_stop": 0,
    "loss": "bce_fp",
    "model": "en_b4_ns",
    "pretrained": true,
    "optimizer": "Adam",
    "lr": 0.001
  },
  "metrics": [
    "bce",
    "rLoss",
    "r",
    "p",
    "f2",
    "Lwlrap"
  ],
  "f2_metrics_threshold": 0.8,
  "watch_metrics": [
    "min|val_loss",
    "max|val_Lwlrap",
    "max|val_f2"
  ],
  "save_metrics": [
    "val_loss",
    "val_Lwlrap"
  ],
  "watch_metrics_eps": 1e-05,
  "train_data_loader": {
    "key": "train",
    "batch_size": 14,
    "shuffle": true,
    "num_workers": 6,
    "wave_aug": 0,
    "mel_aug": 14,
    "mixup": 3,
    "cut_samples": true,
    "cut_size": 10,
    "random_crop": 6,
    "fix_cut_targets": true,
    "use_fp": true,
    "sample_val_fp": true,
    "tp_fp_sampler": true
  },
  "test_data_loader": {
    "batch_size": 4,
    "shuffle": false,
    "num_workers": 4,
    "mel_aug": 9
  },
  "validate_params": {
    "by_crops": 6,
    "crops_offset": 2,
    "by_labeled_crops": true
  }
}
==================================== Config ====================================
Opening dataset...
train dataset len: 8283
train dataloader len: 122
test dataset len: 528
test dataloader len: 132
Init model...
Will be used new seed postfix: ''
Model was loaded

























































































































































































































































































==========================================================================================
Fold: 5/7
==========================================================================================
Group: en4 Ag14 Mix3 380x720 RC6+6-2 FP-Sampling Adam cLRw-20-2 kSSS7 bce g1
Parameters: {
  "train": {
    "mixed_precision": true,
    "multi_gpu": true,
    "folds": 7,
    "kfold_sss": true,
    "input_channels": 1,
    "save_last_n_models": 1,
    "epochs": 140,
    "save_epochs": [],
    "cosineLRWarm": {
      "T_0": 20,
      "T_mult": 2
    },
    "schedule_lr_each_step": true,
    "early_stop": 0,
    "loss": "bce_fp",
    "model": "en_b4_ns",
    "pretrained": true,
    "optimizer": "Adam",
    "lr": 0.001
  },
  "audio": {
    "sampling_rate": 48000,
    "fmin": 50,
    "fmax": 15000,
    "n_mels": 380,
    "n_fft": 4096,
    "ftt_win_length": 1536,
    "hop_length": 400
  },
  "d_train": {
    "key": "train",
    "batch_size": 14,
    "shuffle": true,
    "num_workers": 6,
    "wave_aug": 0,
    "mel_aug": 14,
    "mixup": 3,
    "cut_samples": true,
    "cut_size": 10,
    "random_crop": 6,
    "fix_cut_targets": true,
    "use_fp": true,
    "sample_val_fp": true,
    "tp_fp_sampler": true
  },
  "val": {
    "by_crops": 6,
    "crops_offset": 2,
    "by_labeled_crops": true
  },
  "cuda_visible_devices": "1",
  "fold_group": "10d0c",
  "fold": 4
}

==================================== Config ====================================
{
  "audio_params": {
    "sampling_rate": 48000,
    "fmin": 50,
    "fmax": 15000,
    "n_mels": 380,
    "n_fft": 4096,
    "ftt_win_length": 1536,
    "hop_length": 400
  },
  "train_params": {
    "mixed_precision": true,
    "multi_gpu": true,
    "folds": 7,
    "kfold_sss": true,
    "input_channels": 1,
    "save_last_n_models": 1,
    "epochs": 140,
    "save_epochs": [],
    "cosineLRWarm": {
      "T_0": 20,
      "T_mult": 2
    },
    "schedule_lr_each_step": true,
    "early_stop": 0,
    "loss": "bce_fp",
    "model": "en_b4_ns",
    "pretrained": true,
    "optimizer": "Adam",
    "lr": 0.001
  },
  "metrics": [
    "bce",
    "rLoss",
    "r",
    "p",
    "f2",
    "Lwlrap"
  ],
  "f2_metrics_threshold": 0.8,
  "watch_metrics": [
    "min|val_loss",
    "max|val_Lwlrap",
    "max|val_f2"
  ],
  "save_metrics": [
    "val_loss",
    "val_Lwlrap"
  ],
  "watch_metrics_eps": 1e-05,
  "train_data_loader": {
    "key": "train",
    "batch_size": 14,
    "shuffle": true,
    "num_workers": 6,
    "wave_aug": 0,
    "mel_aug": 14,
    "mixup": 3,
    "cut_samples": true,
    "cut_size": 10,
    "random_crop": 6,
    "fix_cut_targets": true,
    "use_fp": true,
    "sample_val_fp": true,
    "tp_fp_sampler": true
  },
  "test_data_loader": {
    "batch_size": 4,
    "shuffle": false,
    "num_workers": 4,
    "mel_aug": 9
  },
  "validate_params": {
    "by_crops": 6,
    "crops_offset": 2,
    "by_labeled_crops": true
  }
}
==================================== Config ====================================
Opening dataset...
train dataset len: 8233
train dataloader len: 119
test dataset len: 562
test dataloader len: 141
Init model...
Will be used new seed postfix: ''
Model was loaded

























































































































































































































































































==========================================================================================
Fold: 6/7
==========================================================================================
Group: en4 Ag14 Mix3 380x720 RC6+6-2 FP-Sampling Adam cLRw-20-2 kSSS7 bce g1
Parameters: {
  "train": {
    "mixed_precision": true,
    "multi_gpu": true,
    "folds": 7,
    "kfold_sss": true,
    "input_channels": 1,
    "save_last_n_models": 1,
    "epochs": 140,
    "save_epochs": [],
    "cosineLRWarm": {
      "T_0": 20,
      "T_mult": 2
    },
    "schedule_lr_each_step": true,
    "early_stop": 0,
    "loss": "bce_fp",
    "model": "en_b4_ns",
    "pretrained": true,
    "optimizer": "Adam",
    "lr": 0.001
  },
  "audio": {
    "sampling_rate": 48000,
    "fmin": 50,
    "fmax": 15000,
    "n_mels": 380,
    "n_fft": 4096,
    "ftt_win_length": 1536,
    "hop_length": 400
  },
  "d_train": {
    "key": "train",
    "batch_size": 14,
    "shuffle": true,
    "num_workers": 6,
    "wave_aug": 0,
    "mel_aug": 14,
    "mixup": 3,
    "cut_samples": true,
    "cut_size": 10,
    "random_crop": 6,
    "fix_cut_targets": true,
    "use_fp": true,
    "sample_val_fp": true,
    "tp_fp_sampler": true
  },
  "val": {
    "by_crops": 6,
    "crops_offset": 2,
    "by_labeled_crops": true
  },
  "cuda_visible_devices": "1",
  "fold_group": "10d0c",
  "fold": 5
}

==================================== Config ====================================
{
  "audio_params": {
    "sampling_rate": 48000,
    "fmin": 50,
    "fmax": 15000,
    "n_mels": 380,
    "n_fft": 4096,
    "ftt_win_length": 1536,
    "hop_length": 400
  },
  "train_params": {
    "mixed_precision": true,
    "multi_gpu": true,
    "folds": 7,
    "kfold_sss": true,
    "input_channels": 1,
    "save_last_n_models": 1,
    "epochs": 140,
    "save_epochs": [],
    "cosineLRWarm": {
      "T_0": 20,
      "T_mult": 2
    },
    "schedule_lr_each_step": true,
    "early_stop": 0,
    "loss": "bce_fp",
    "model": "en_b4_ns",
    "pretrained": true,
    "optimizer": "Adam",
    "lr": 0.001
  },
  "metrics": [
    "bce",
    "rLoss",
    "r",
    "p",
    "f2",
    "Lwlrap"
  ],
  "f2_metrics_threshold": 0.8,
  "watch_metrics": [
    "min|val_loss",
    "max|val_Lwlrap",
    "max|val_f2"
  ],
  "save_metrics": [
    "val_loss",
    "val_Lwlrap"
  ],
  "watch_metrics_eps": 1e-05,
  "train_data_loader": {
    "key": "train",
    "batch_size": 14,
    "shuffle": true,
    "num_workers": 6,
    "wave_aug": 0,
    "mel_aug": 14,
    "mixup": 3,
    "cut_samples": true,
    "cut_size": 10,
    "random_crop": 6,
    "fix_cut_targets": true,
    "use_fp": true,
    "sample_val_fp": true,
    "tp_fp_sampler": true
  },
  "test_data_loader": {
    "batch_size": 4,
    "shuffle": false,
    "num_workers": 4,
    "mel_aug": 9
  },
  "validate_params": {
    "by_crops": 6,
    "crops_offset": 2,
    "by_labeled_crops": true
  }
}
==================================== Config ====================================
Opening dataset...
train dataset len: 8289
train dataloader len: 123
test dataset len: 521
test dataloader len: 131
Init model...
Will be used new seed postfix: ''
Model was loaded

























































































































































































































































































==========================================================================================
Fold: 7/7
==========================================================================================
Group: en4 Ag14 Mix3 380x720 RC6+6-2 FP-Sampling Adam cLRw-20-2 kSSS7 bce g1
Parameters: {
  "train": {
    "mixed_precision": true,
    "multi_gpu": true,
    "folds": 7,
    "kfold_sss": true,
    "input_channels": 1,
    "save_last_n_models": 1,
    "epochs": 140,
    "save_epochs": [],
    "cosineLRWarm": {
      "T_0": 20,
      "T_mult": 2
    },
    "schedule_lr_each_step": true,
    "early_stop": 0,
    "loss": "bce_fp",
    "model": "en_b4_ns",
    "pretrained": true,
    "optimizer": "Adam",
    "lr": 0.001
  },
  "audio": {
    "sampling_rate": 48000,
    "fmin": 50,
    "fmax": 15000,
    "n_mels": 380,
    "n_fft": 4096,
    "ftt_win_length": 1536,
    "hop_length": 400
  },
  "d_train": {
    "key": "train",
    "batch_size": 14,
    "shuffle": true,
    "num_workers": 6,
    "wave_aug": 0,
    "mel_aug": 14,
    "mixup": 3,
    "cut_samples": true,
    "cut_size": 10,
    "random_crop": 6,
    "fix_cut_targets": true,
    "use_fp": true,
    "sample_val_fp": true,
    "tp_fp_sampler": true
  },
  "val": {
    "by_crops": 6,
    "crops_offset": 2,
    "by_labeled_crops": true
  },
  "cuda_visible_devices": "1",
  "fold_group": "10d0c",
  "fold": 6
}

==================================== Config ====================================
{
  "audio_params": {
    "sampling_rate": 48000,
    "fmin": 50,
    "fmax": 15000,
    "n_mels": 380,
    "n_fft": 4096,
    "ftt_win_length": 1536,
    "hop_length": 400
  },
  "train_params": {
    "mixed_precision": true,
    "multi_gpu": true,
    "folds": 7,
    "kfold_sss": true,
    "input_channels": 1,
    "save_last_n_models": 1,
    "epochs": 140,
    "save_epochs": [],
    "cosineLRWarm": {
      "T_0": 20,
      "T_mult": 2
    },
    "schedule_lr_each_step": true,
    "early_stop": 0,
    "loss": "bce_fp",
    "model": "en_b4_ns",
    "pretrained": true,
    "optimizer": "Adam",
    "lr": 0.001
  },
  "metrics": [
    "bce",
    "rLoss",
    "r",
    "p",
    "f2",
    "Lwlrap"
  ],
  "f2_metrics_threshold": 0.8,
  "watch_metrics": [
    "min|val_loss",
    "max|val_Lwlrap",
    "max|val_f2"
  ],
  "save_metrics": [
    "val_loss",
    "val_Lwlrap"
  ],
  "watch_metrics_eps": 1e-05,
  "train_data_loader": {
    "key": "train",
    "batch_size": 14,
    "shuffle": true,
    "num_workers": 6,
    "wave_aug": 0,
    "mel_aug": 14,
    "mixup": 3,
    "cut_samples": true,
    "cut_size": 10,
    "random_crop": 6,
    "fix_cut_targets": true,
    "use_fp": true,
    "sample_val_fp": true,
    "tp_fp_sampler": true
  },
  "test_data_loader": {
    "batch_size": 4,
    "shuffle": false,
    "num_workers": 4,
    "mel_aug": 9
  },
  "validate_params": {
    "by_crops": 6,
    "crops_offset": 2,
    "by_labeled_crops": true
  }
}
==================================== Config ====================================
Opening dataset...
train dataset len: 8265
train dataloader len: 121
test dataset len: 537
test dataloader len: 135
Init model...
Will be used new seed postfix: ''
Model was loaded

























































































































































































































































































